\BOOKMARK [1][-]{section.1}{\376\377\000I\000n\000t\000r\000o\000d\000u\000c\000t\000i\000o\000n}{}% 1
\BOOKMARK [1][-]{section.2}{\376\377\000T\000e\000a\000m\000\040\000M\000e\000m\000b\000e\000r\000s}{}% 2
\BOOKMARK [1][-]{section.3}{\376\377\000B\000a\000c\000k\000g\000r\000o\000u\000n\000d\000\040\000a\000n\000d\000\040\000R\000e\000l\000a\000t\000e\000d\000\040\000W\000o\000r\000k}{}% 3
\BOOKMARK [1][-]{section.4}{\376\377\000M\000e\000t\000h\000o\000d}{}% 4
\BOOKMARK [1][-]{section.5}{\376\377\000C\000l\000u\000s\000t\000e\000r\000i\000n\000g\000\040\000A\000l\000g\000o\000r\000i\000t\000h\000m}{}% 5
\BOOKMARK [2][-]{subsection.5.1}{\376\377\000D\000a\000t\000a\000s\000e\000t}{section.5}% 6
\BOOKMARK [2][-]{subsection.5.2}{\376\377\000M\000o\000d\000e\000l\000\040\000t\000r\000a\000i\000n\000i\000n\000g}{section.5}% 7
\BOOKMARK [2][-]{subsection.5.3}{\376\377\000I\000n\000f\000e\000r\000e\000n\000c\000e}{section.5}% 8
\BOOKMARK [1][-]{section.6}{\376\377\000E\000v\000a\000l\000u\000a\000t\000i\000o\000n}{}% 9
\BOOKMARK [2][-]{subsection.6.1}{\376\377\000E\000v\000a\000l\000u\000a\000t\000i\000o\000n\000\040\000M\000e\000t\000r\000i\000c\000s}{section.6}% 10
\BOOKMARK [2][-]{subsection.6.2}{\376\377\000d\000a\000t\000a\000s\000e\000t}{section.6}% 11
\BOOKMARK [2][-]{subsection.6.3}{\376\377\000s\000e\000t\000t\000i\000n\000g}{section.6}% 12
\BOOKMARK [2][-]{subsection.6.4}{\376\377\000i\000m\000p\000l\000e\000m\000e\000n\000t\000a\000t\000i\000o\000n}{section.6}% 13
\BOOKMARK [2][-]{subsection.6.5}{\376\377\000r\000e\000s\000u\000l\000t\000s}{section.6}% 14
\BOOKMARK [1][-]{section.7}{\376\377\000C\000o\000n\000c\000l\000u\000s\000i\000o\000n}{}% 15
\BOOKMARK [1][-]{section.8}{\376\377\000S\000u\000b\000m\000i\000s\000s\000i\000o\000n\000\040\000o\000f\000\040\000p\000a\000p\000e\000r\000s\000\040\000t\000o\000\040\000N\000e\000u\000r\000I\000P\000S\000\040\0002\0000\0002\0004}{}% 16
\BOOKMARK [2][-]{subsection.8.1}{\376\377\000S\000t\000y\000l\000e}{section.8}% 17
\BOOKMARK [2][-]{subsection.8.2}{\376\377\000R\000e\000t\000r\000i\000e\000v\000a\000l\000\040\000o\000f\000\040\000s\000t\000y\000l\000e\000\040\000f\000i\000l\000e\000s}{section.8}% 18
\BOOKMARK [1][-]{section.9}{\376\377\000G\000e\000n\000e\000r\000a\000l\000\040\000f\000o\000r\000m\000a\000t\000t\000i\000n\000g\000\040\000i\000n\000s\000t\000r\000u\000c\000t\000i\000o\000n\000s}{}% 19
\BOOKMARK [1][-]{section.10}{\376\377\000H\000e\000a\000d\000i\000n\000g\000s\000:\000\040\000f\000i\000r\000s\000t\000\040\000l\000e\000v\000e\000l}{}% 20
\BOOKMARK [2][-]{subsection.10.1}{\376\377\000H\000e\000a\000d\000i\000n\000g\000s\000:\000\040\000s\000e\000c\000o\000n\000d\000\040\000l\000e\000v\000e\000l}{section.10}% 21
\BOOKMARK [3][-]{subsubsection.10.1.1}{\376\377\000H\000e\000a\000d\000i\000n\000g\000s\000:\000\040\000t\000h\000i\000r\000d\000\040\000l\000e\000v\000e\000l}{subsection.10.1}% 22
\BOOKMARK [1][-]{section.11}{\376\377\000C\000i\000t\000a\000t\000i\000o\000n\000s\000,\000\040\000f\000i\000g\000u\000r\000e\000s\000,\000\040\000t\000a\000b\000l\000e\000s\000,\000\040\000r\000e\000f\000e\000r\000e\000n\000c\000e\000s}{}% 23
\BOOKMARK [2][-]{subsection.11.1}{\376\377\000C\000i\000t\000a\000t\000i\000o\000n\000s\000\040\000w\000i\000t\000h\000i\000n\000\040\000t\000h\000e\000\040\000t\000e\000x\000t}{section.11}% 24
\BOOKMARK [2][-]{subsection.11.2}{\376\377\000F\000o\000o\000t\000n\000o\000t\000e\000s}{section.11}% 25
\BOOKMARK [2][-]{subsection.11.3}{\376\377\000F\000i\000g\000u\000r\000e\000s}{section.11}% 26
\BOOKMARK [2][-]{subsection.11.4}{\376\377\000T\000a\000b\000l\000e\000s}{section.11}% 27
\BOOKMARK [2][-]{subsection.11.5}{\376\377\000M\000a\000t\000h}{section.11}% 28
\BOOKMARK [2][-]{subsection.11.6}{\376\377\000F\000i\000n\000a\000l\000\040\000i\000n\000s\000t\000r\000u\000c\000t\000i\000o\000n\000s}{section.11}% 29
\BOOKMARK [1][-]{section.12}{\376\377\000P\000r\000e\000p\000a\000r\000i\000n\000g\000\040\000P\000D\000F\000\040\000f\000i\000l\000e\000s}{}% 30
\BOOKMARK [2][-]{subsection.12.1}{\376\377\000M\000a\000r\000g\000i\000n\000s\000\040\000i\000n\000\040\000L\000a\000T\000e\000X}{section.12}% 31
\BOOKMARK [1][-]{appendix.A}{\376\377\000A\000p\000p\000e\000n\000d\000i\000x\000\040\000/\000\040\000s\000u\000p\000p\000l\000e\000m\000e\000n\000t\000a\000l\000\040\000m\000a\000t\000e\000r\000i\000a\000l}{}% 32
